<?xml version="1.0" encoding="UTF-8"?>
<!-- Generated by org.testng.reporters.JUnitXMLReporter -->
<testsuite ignored="0" hostname="DESKTOP-E76VOSB" failures="0" tests="6" name="Command line test" time="0.036" errors="0" timestamp="29 Apr 2020 16:25:45 GMT">
  <testcase classname="qaclickacademy.AppiumTest" name="IOSApps" time="0.007"/>
  <testcase classname="qaclickacademy.AppiumTest" name="NativeAPpAndroid" time="0.001"/>
  <testcase classname="qaclickacademy.RESTAPITest" name="deleteTwitter" time="0.001"/>
  <testcase classname="qaclickacademy.RESTAPITest" name="postJira" time="0.001"/>
  <testcase classname="qaclickacademy.SeleniumTest" name="BrowserAUtomation" time="0.0"/>
  <testcase classname="qaclickacademy.SeleniumTest" name="elementsUi" time="0.0"/>
</testsuite> <!-- Command line test -->
